Performing C SOURCE FILE Test CMAKE_HAVE_LIBC_PTHREAD failed with the following output:
Change Dir: /home/zgq/Documents/Tracker/studyai/match/build/CMakeFiles/CMakeTmp

Run Build Command(s):/usr/bin/make -f Makefile cmTC_cae54/fast && /usr/bin/make  -f CMakeFiles/cmTC_cae54.dir/build.make CMakeFiles/cmTC_cae54.dir/build
make[1]: Entering directory '/home/zgq/Documents/Tracker/studyai/match/build/CMakeFiles/CMakeTmp'
Building C object CMakeFiles/cmTC_cae54.dir/src.c.o
/usr/bin/cc -DCMAKE_HAVE_LIBC_PTHREAD  -fPIC  -o CMakeFiles/cmTC_cae54.dir/src.c.o -c /home/zgq/Documents/Tracker/studyai/match/build/CMakeFiles/CMakeTmp/src.c
Linking C executable cmTC_cae54
/usr/local/bin/cmake -E cmake_link_script CMakeFiles/cmTC_cae54.dir/link.txt --verbose=1
/usr/bin/cc -fPIC  -rdynamic CMakeFiles/cmTC_cae54.dir/src.c.o -o cmTC_cae54 
CMakeFiles/cmTC_cae54.dir/src.c.o: In function `main':
src.c:(.text+0x3e): undefined reference to `pthread_create'
src.c:(.text+0x4a): undefined reference to `pthread_detach'
src.c:(.text+0x56): undefined reference to `pthread_cancel'
src.c:(.text+0x67): undefined reference to `pthread_join'
src.c:(.text+0x7b): undefined reference to `pthread_atfork'
collect2: error: ld returned 1 exit status
CMakeFiles/cmTC_cae54.dir/build.make:98: recipe for target 'cmTC_cae54' failed
make[1]: *** [cmTC_cae54] Error 1
make[1]: Leaving directory '/home/zgq/Documents/Tracker/studyai/match/build/CMakeFiles/CMakeTmp'
Makefile:127: recipe for target 'cmTC_cae54/fast' failed
make: *** [cmTC_cae54/fast] Error 2


Source file was:
#include <pthread.h>

static void* test_func(void* data)
{
  return data;
}

int main(void)
{
  pthread_t thread;
  pthread_create(&thread, NULL, test_func, NULL);
  pthread_detach(thread);
  pthread_cancel(thread);
  pthread_join(thread, NULL);
  pthread_atfork(NULL, NULL, NULL);
  pthread_exit(NULL);

  return 0;
}

Determining if the function pthread_create exists in the pthreads failed with the following output:
Change Dir: /home/zgq/Documents/Tracker/studyai/match/build/CMakeFiles/CMakeTmp

Run Build Command(s):/usr/bin/make -f Makefile cmTC_416cd/fast && /usr/bin/make  -f CMakeFiles/cmTC_416cd.dir/build.make CMakeFiles/cmTC_416cd.dir/build
make[1]: Entering directory '/home/zgq/Documents/Tracker/studyai/match/build/CMakeFiles/CMakeTmp'
Building C object CMakeFiles/cmTC_416cd.dir/CheckFunctionExists.c.o
/usr/bin/cc   -fPIC -DCHECK_FUNCTION_EXISTS=pthread_create -o CMakeFiles/cmTC_416cd.dir/CheckFunctionExists.c.o -c /usr/local/share/cmake-3.23/Modules/CheckFunctionExists.c
Linking C executable cmTC_416cd
/usr/local/bin/cmake -E cmake_link_script CMakeFiles/cmTC_416cd.dir/link.txt --verbose=1
/usr/bin/cc -fPIC -DCHECK_FUNCTION_EXISTS=pthread_create -rdynamic CMakeFiles/cmTC_416cd.dir/CheckFunctionExists.c.o -o cmTC_416cd  -lpthreads 
/usr/bin/ld: cannot find -lpthreads
collect2: error: ld returned 1 exit status
CMakeFiles/cmTC_416cd.dir/build.make:98: recipe for target 'cmTC_416cd' failed
make[1]: *** [cmTC_416cd] Error 1
make[1]: Leaving directory '/home/zgq/Documents/Tracker/studyai/match/build/CMakeFiles/CMakeTmp'
Makefile:127: recipe for target 'cmTC_416cd/fast' failed
make: *** [cmTC_416cd/fast] Error 2



